<?xml version="1.0" encoding="UTF-8"?>
<!-- Generated by org.testng.reporters.JUnitXMLReporter -->
<testsuite hostname="RCCHN0080" name="RC Test" tests="1" failures="1" timestamp="28 Feb 2018 13:27:58 GMT" time="179.163" errors="0">
  <testcase name="checkHome" time="178.202" classname="Test.Initiate">
    <failure type="org.openqa.selenium.TimeoutException" message="Expected condition failed: waiting for Test.Browser$4@2c75a9ca (tried for 60 second(s) with 5 MILLISECONDS interval)
Build info: version: &amp;apos;3.4.0&amp;apos;, revision: &amp;apos;unknown&amp;apos;, time: &amp;apos;unknown&amp;apos;
System info: host: &amp;apos;RCCHN0080&amp;apos;, ip: &amp;apos;10.22.175.180&amp;apos;, os.name: &amp;apos;Windows 10&amp;apos;, os.arch: &amp;apos;amd64&amp;apos;, os.version: &amp;apos;10.0&amp;apos;, java.version: &amp;apos;1.8.0_144&amp;apos;
Driver info: org.openqa.selenium.firefox.FirefoxDriver
Capabilities [{moz:profile=C:\Users\user\AppData\Local\Temp\rust_mozprofile.zCblpyXO4bZX, rotatable=false, timeouts={implicit=0.0, pageLoad=300000.0, script=30000.0}, pageLoadStrategy=normal, moz:headless=false, platform=ANY, specificationLevel=0.0, moz:accessibilityChecks=false, acceptInsecureCerts=true, browserVersion=56.0.2, platformVersion=10.0, moz:processID=27076.0, browserName=firefox, javascriptEnabled=true, platformName=windows_nt}]
Session ID: b46186d1-8fc6-406f-b296-fd57674ee36f">
      <![CDATA[org.openqa.selenium.TimeoutException: Expected condition failed: waiting for Test.Browser$4@2c75a9ca (tried for 60 second(s) with 5 MILLISECONDS interval)
Build info: version: '3.4.0', revision: 'unknown', time: 'unknown'
System info: host: 'RCCHN0080', ip: '10.22.175.180', os.name: 'Windows 10', os.arch: 'amd64', os.version: '10.0', java.version: '1.8.0_144'
Driver info: org.openqa.selenium.firefox.FirefoxDriver
Capabilities [{moz:profile=C:\Users\user\AppData\Local\Temp\rust_mozprofile.zCblpyXO4bZX, rotatable=false, timeouts={implicit=0.0, pageLoad=300000.0, script=30000.0}, pageLoadStrategy=normal, moz:headless=false, platform=ANY, specificationLevel=0.0, moz:accessibilityChecks=false, acceptInsecureCerts=true, browserVersion=56.0.2, platformVersion=10.0, moz:processID=27076.0, browserName=firefox, javascriptEnabled=true, platformName=windows_nt}]
Session ID: b46186d1-8fc6-406f-b296-fd57674ee36f
	at org.openqa.selenium.support.ui.WebDriverWait.timeoutException(WebDriverWait.java:80)
	at org.openqa.selenium.support.ui.FluentWait.until(FluentWait.java:232)
	at Test.Browser.waitForPageElementToLoad(Browser.java:1116)
	at Test.Browser.waitForPageElementToLoad(Browser.java:1098)
	at Test.Browser.findTheElement(Browser.java:237)
	at Test.Browser.click(Browser.java:273)
	at Test.CheckoutFlow.paypalCheckout(CheckoutFlow.java:706)
	at Test.CheckoutFlow.executeAll(CheckoutFlow.java:36)
	at Test.Initiate.chk_CheckoutFlow(Initiate.java:147)
	at Test.Initiate.checkHome(Initiate.java:109)
	at sun.reflect.NativeMethodAccessorImpl.invoke0(Native Method)
	at sun.reflect.NativeMethodAccessorImpl.invoke(NativeMethodAccessorImpl.java:62)
	at sun.reflect.DelegatingMethodAccessorImpl.invoke(DelegatingMethodAccessorImpl.java:43)
	at java.lang.reflect.Method.invoke(Method.java:498)
	at org.testng.internal.MethodInvocationHelper.invokeMethod(MethodInvocationHelper.java:84)
	at org.testng.internal.Invoker.invokeMethod(Invoker.java:714)
	at org.testng.internal.Invoker.invokeTestMethod(Invoker.java:901)
	at org.testng.internal.Invoker.invokeTestMethods(Invoker.java:1231)
	at org.testng.internal.TestMethodWorker.invokeTestMethods(TestMethodWorker.java:127)
	at org.testng.internal.TestMethodWorker.run(TestMethodWorker.java:111)
	at java.util.concurrent.ThreadPoolExecutor.runWorker(ThreadPoolExecutor.java:1149)
	at java.util.concurrent.ThreadPoolExecutor$Worker.run(ThreadPoolExecutor.java:624)
	at java.lang.Thread.run(Thread.java:748)
]]>
    </failure>
  </testcase> <!-- checkHome -->
</testsuite> <!-- RC Test -->
